2025-03-29 13:22:24,492 [Worker-6: Loading available Gradle versions] INFO  o.e.b.c.i.u.g.PublishedGradleVersions - Gradle version information cache is not available. Remote download required.
2025-03-29 13:26:03,561 [Worker-1: Import Getting Started Content] INFO  o.e.m.c.i.l.LifecycleMappingFactory - Using org.eclipse.m2e.jdt.JarLifecycleMapping lifecycle mapping for MavenProject: com.employee:employee-service:0.0.1-SNAPSHOT @ C:\Users\kyled\Desktop\SpringBoot-React\employee-service\pom.xml.
2025-03-29 13:26:04,805 [Worker-1: Import Getting Started Content] INFO  o.e.m.j.i.AbstractJavaProjectConfigurator - Adding source folder /employee-service/src/main/java
2025-03-29 13:26:04,807 [Worker-1: Import Getting Started Content] INFO  o.e.m.j.i.AbstractJavaProjectConfigurator - Adding resource folder /employee-service/src/main/resources
2025-03-29 13:26:04,813 [Worker-1: Import Getting Started Content] INFO  o.e.m.j.i.AbstractJavaProjectConfigurator - Adding resource folder /employee-service/src/main/resources
2025-03-29 13:26:04,817 [Worker-1: Import Getting Started Content] INFO  o.e.m.j.i.AbstractJavaProjectConfigurator - Adding source folder /employee-service/src/test/java
2025-03-29 13:26:04,818 [Worker-1: Import Getting Started Content] INFO  o.e.m.j.i.AbstractJavaProjectConfigurator - Adding resource folder /employee-service/src/test/resources
2025-03-29 13:26:05,120 [Worker-1: Import Getting Started Content] INFO  o.e.m.c.i.p.ProjectConfigurationManager - Imported and configured 1 project(s) in 3 sec
2025-03-29 13:26:05,122 [Worker-1: Import Getting Started Content] INFO  o.e.m.c.i.p.ProjectConfigurationManager - Update started
2025-03-29 13:26:05,459 [Worker-1: Import Getting Started Content] INFO  o.e.m.c.i.l.LifecycleMappingFactory - Using org.eclipse.m2e.jdt.JarLifecycleMapping lifecycle mapping for MavenProject: com.employee:employee-service:0.0.1-SNAPSHOT @ C:\Users\kyled\Desktop\SpringBoot-React\employee-service\pom.xml.
2025-03-29 13:26:06,035 [Worker-1: Import Getting Started Content] INFO  o.e.m.j.i.AbstractJavaProjectConfigurator - Adding source folder /employee-service/src/main/java
2025-03-29 13:26:06,036 [Worker-1: Import Getting Started Content] INFO  o.e.m.j.i.AbstractJavaProjectConfigurator - Adding resource folder /employee-service/src/main/resources
2025-03-29 13:26:06,036 [Worker-1: Import Getting Started Content] INFO  o.e.m.j.i.AbstractJavaProjectConfigurator - Adding resource folder /employee-service/src/main/resources
2025-03-29 13:26:06,037 [Worker-1: Import Getting Started Content] INFO  o.e.m.j.i.AbstractJavaProjectConfigurator - Adding source folder /employee-service/src/test/java
2025-03-29 13:26:06,038 [Worker-1: Import Getting Started Content] INFO  o.e.m.j.i.AbstractJavaProjectConfigurator - Adding resource folder /employee-service/src/test/resources
2025-03-29 13:26:06,496 [Worker-1: Import Getting Started Content] INFO  o.e.m.c.i.p.ProjectConfigurationManager - Update completed for 1 poms: local refresh takes 0.00 sec, refresh facades takes 0.00 sec, update config takes 0.00 sec 
2025-03-29 13:26:07,133 [Worker-4: Building] INFO  o.a.m.s.f.DefaultMavenResourcesFiltering - Copying 1 resource from src\main\resources to target\classes
2025-03-29 13:26:07,152 [Worker-4: Building] INFO  o.a.m.s.f.DefaultMavenResourcesFiltering - Copying 0 resource from src\main\resources to target\classes
2025-03-29 13:26:07,158 [Worker-4: Building] INFO  o.a.m.s.f.DefaultMavenResourcesFiltering - skip non existing resourceDirectory C:\Users\kyled\Desktop\SpringBoot-React\employee-service\src\test\resources
2025-03-29 13:27:43,303 [Worker-7: Launching Executing install in C__Users_kyled_Desktop_SpringBoot-React_employee-service] INFO  o.eclipse.m2e.core.internal.Bundles - getClasspathEntries(Bundle=org.eclipse.m2e.maven.runtime_3.9.900.20250220-2013 [361])
2025-03-29 13:27:43,305 [Worker-7: Launching Executing install in C__Users_kyled_Desktop_SpringBoot-React_employee-service] INFO  o.eclipse.m2e.core.internal.Bundles - 	Entry: C:\Users\kyled\Desktop\sts-4.29.1.RELEASE\plugins\org.eclipse.m2e.maven.runtime_3.9.900.20250220-2013
2025-03-29 13:27:43,305 [Worker-7: Launching Executing install in C__Users_kyled_Desktop_SpringBoot-React_employee-service] INFO  o.eclipse.m2e.core.internal.Bundles - 	Entry: C:\Users\kyled\Desktop\sts-4.29.1.RELEASE\plugins\org.eclipse.m2e.maven.runtime_3.9.900.20250220-2013\jars\aopalliance-1.0.jar
2025-03-29 13:27:43,306 [Worker-7: Launching Executing install in C__Users_kyled_Desktop_SpringBoot-React_employee-service] INFO  o.eclipse.m2e.core.internal.Bundles - 	Entry: C:\Users\kyled\Desktop\sts-4.29.1.RELEASE\plugins\org.eclipse.m2e.maven.runtime_3.9.900.20250220-2013\jars\guice-5.1.0.jar
2025-03-29 13:27:43,306 [Worker-7: Launching Executing install in C__Users_kyled_Desktop_SpringBoot-React_employee-service] INFO  o.eclipse.m2e.core.internal.Bundles - 	Entry: C:\Users\kyled\Desktop\sts-4.29.1.RELEASE\plugins\org.eclipse.m2e.maven.runtime_3.9.900.20250220-2013\jars\httpclient-4.5.14.jar
2025-03-29 13:27:43,306 [Worker-7: Launching Executing install in C__Users_kyled_Desktop_SpringBoot-React_employee-service] INFO  o.eclipse.m2e.core.internal.Bundles - 	Entry: C:\Users\kyled\Desktop\sts-4.29.1.RELEASE\plugins\org.eclipse.m2e.maven.runtime_3.9.900.20250220-2013\jars\httpcore-4.4.16.jar
2025-03-29 13:27:43,306 [Worker-7: Launching Executing install in C__Users_kyled_Desktop_SpringBoot-React_employee-service] INFO  o.eclipse.m2e.core.internal.Bundles - 	Entry: C:\Users\kyled\Desktop\sts-4.29.1.RELEASE\plugins\org.eclipse.m2e.maven.runtime_3.9.900.20250220-2013\jars\jansi-2.4.1.jar
2025-03-29 13:27:43,306 [Worker-7: Launching Executing install in C__Users_kyled_Desktop_SpringBoot-React_employee-service] INFO  o.eclipse.m2e.core.internal.Bundles - 	Entry: C:\Users\kyled\Desktop\sts-4.29.1.RELEASE\plugins\org.eclipse.m2e.maven.runtime_3.9.900.20250220-2013\jars\jcl-over-slf4j-1.7.36.jar
2025-03-29 13:27:43,306 [Worker-7: Launching Executing install in C__Users_kyled_Desktop_SpringBoot-React_employee-service] INFO  o.eclipse.m2e.core.internal.Bundles - 	Entry: C:\Users\kyled\Desktop\sts-4.29.1.RELEASE\plugins\org.eclipse.m2e.maven.runtime_3.9.900.20250220-2013\jars\maven-artifact-3.9.9.jar
2025-03-29 13:27:43,307 [Worker-7: Launching Executing install in C__Users_kyled_Desktop_SpringBoot-React_employee-service] INFO  o.eclipse.m2e.core.internal.Bundles - 	Entry: C:\Users\kyled\Desktop\sts-4.29.1.RELEASE\plugins\org.eclipse.m2e.maven.runtime_3.9.900.20250220-2013\jars\maven-builder-support-3.9.9.jar
2025-03-29 13:27:43,307 [Worker-7: Launching Executing install in C__Users_kyled_Desktop_SpringBoot-React_employee-service] INFO  o.eclipse.m2e.core.internal.Bundles - 	Entry: C:\Users\kyled\Desktop\sts-4.29.1.RELEASE\plugins\org.eclipse.m2e.maven.runtime_3.9.900.20250220-2013\jars\maven-compat-3.9.9.jar
2025-03-29 13:27:43,307 [Worker-7: Launching Executing install in C__Users_kyled_Desktop_SpringBoot-React_employee-service] INFO  o.eclipse.m2e.core.internal.Bundles - 	Entry: C:\Users\kyled\Desktop\sts-4.29.1.RELEASE\plugins\org.eclipse.m2e.maven.runtime_3.9.900.20250220-2013\jars\maven-core-3.9.9.jar
2025-03-29 13:27:43,307 [Worker-7: Launching Executing install in C__Users_kyled_Desktop_SpringBoot-React_employee-service] INFO  o.eclipse.m2e.core.internal.Bundles - 	Entry: C:\Users\kyled\Desktop\sts-4.29.1.RELEASE\plugins\org.eclipse.m2e.maven.runtime_3.9.900.20250220-2013\jars\maven-embedder-3.9.9.jar
2025-03-29 13:27:43,307 [Worker-7: Launching Executing install in C__Users_kyled_Desktop_SpringBoot-React_employee-service] INFO  o.eclipse.m2e.core.internal.Bundles - 	Entry: C:\Users\kyled\Desktop\sts-4.29.1.RELEASE\plugins\org.eclipse.m2e.maven.runtime_3.9.900.20250220-2013\jars\maven-model-3.9.9.jar
2025-03-29 13:27:43,307 [Worker-7: Launching Executing install in C__Users_kyled_Desktop_SpringBoot-React_employee-service] INFO  o.eclipse.m2e.core.internal.Bundles - 	Entry: C:\Users\kyled\Desktop\sts-4.29.1.RELEASE\plugins\org.eclipse.m2e.maven.runtime_3.9.900.20250220-2013\jars\maven-model-builder-3.9.9.jar
2025-03-29 13:27:43,307 [Worker-7: Launching Executing install in C__Users_kyled_Desktop_SpringBoot-React_employee-service] INFO  o.eclipse.m2e.core.internal.Bundles - 	Entry: C:\Users\kyled\Desktop\sts-4.29.1.RELEASE\plugins\org.eclipse.m2e.maven.runtime_3.9.900.20250220-2013\jars\maven-plugin-api-3.9.9.jar
2025-03-29 13:27:43,308 [Worker-7: Launching Executing install in C__Users_kyled_Desktop_SpringBoot-React_employee-service] INFO  o.eclipse.m2e.core.internal.Bundles - 	Entry: C:\Users\kyled\Desktop\sts-4.29.1.RELEASE\plugins\org.eclipse.m2e.maven.runtime_3.9.900.20250220-2013\jars\maven-repository-metadata-3.9.9.jar
2025-03-29 13:27:43,308 [Worker-7: Launching Executing install in C__Users_kyled_Desktop_SpringBoot-React_employee-service] INFO  o.eclipse.m2e.core.internal.Bundles - 	Entry: C:\Users\kyled\Desktop\sts-4.29.1.RELEASE\plugins\org.eclipse.m2e.maven.runtime_3.9.900.20250220-2013\jars\maven-resolver-api-1.9.22.jar
2025-03-29 13:27:43,308 [Worker-7: Launching Executing install in C__Users_kyled_Desktop_SpringBoot-React_employee-service] INFO  o.eclipse.m2e.core.internal.Bundles - 	Entry: C:\Users\kyled\Desktop\sts-4.29.1.RELEASE\plugins\org.eclipse.m2e.maven.runtime_3.9.900.20250220-2013\jars\maven-resolver-connector-basic-1.9.22.jar
2025-03-29 13:27:43,308 [Worker-7: Launching Executing install in C__Users_kyled_Desktop_SpringBoot-React_employee-service] INFO  o.eclipse.m2e.core.internal.Bundles - 	Entry: C:\Users\kyled\Desktop\sts-4.29.1.RELEASE\plugins\org.eclipse.m2e.maven.runtime_3.9.900.20250220-2013\jars\maven-resolver-impl-1.9.22.jar
2025-03-29 13:27:43,308 [Worker-7: Launching Executing install in C__Users_kyled_Desktop_SpringBoot-React_employee-service] INFO  o.eclipse.m2e.core.internal.Bundles - 	Entry: C:\Users\kyled\Desktop\sts-4.29.1.RELEASE\plugins\org.eclipse.m2e.maven.runtime_3.9.900.20250220-2013\jars\maven-resolver-named-locks-1.9.22.jar
2025-03-29 13:27:43,308 [Worker-7: Launching Executing install in C__Users_kyled_Desktop_SpringBoot-React_employee-service] INFO  o.eclipse.m2e.core.internal.Bundles - 	Entry: C:\Users\kyled\Desktop\sts-4.29.1.RELEASE\plugins\org.eclipse.m2e.maven.runtime_3.9.900.20250220-2013\jars\maven-resolver-provider-3.9.9.jar
2025-03-29 13:27:43,308 [Worker-7: Launching Executing install in C__Users_kyled_Desktop_SpringBoot-React_employee-service] INFO  o.eclipse.m2e.core.internal.Bundles - 	Entry: C:\Users\kyled\Desktop\sts-4.29.1.RELEASE\plugins\org.eclipse.m2e.maven.runtime_3.9.900.20250220-2013\jars\maven-resolver-spi-1.9.22.jar
2025-03-29 13:27:43,308 [Worker-7: Launching Executing install in C__Users_kyled_Desktop_SpringBoot-React_employee-service] INFO  o.eclipse.m2e.core.internal.Bundles - 	Entry: C:\Users\kyled\Desktop\sts-4.29.1.RELEASE\plugins\org.eclipse.m2e.maven.runtime_3.9.900.20250220-2013\jars\maven-resolver-transport-file-1.9.22.jar
2025-03-29 13:27:43,309 [Worker-7: Launching Executing install in C__Users_kyled_Desktop_SpringBoot-React_employee-service] INFO  o.eclipse.m2e.core.internal.Bundles - 	Entry: C:\Users\kyled\Desktop\sts-4.29.1.RELEASE\plugins\org.eclipse.m2e.maven.runtime_3.9.900.20250220-2013\jars\maven-resolver-transport-http-1.9.22.jar
2025-03-29 13:27:43,309 [Worker-7: Launching Executing install in C__Users_kyled_Desktop_SpringBoot-React_employee-service] INFO  o.eclipse.m2e.core.internal.Bundles - 	Entry: C:\Users\kyled\Desktop\sts-4.29.1.RELEASE\plugins\org.eclipse.m2e.maven.runtime_3.9.900.20250220-2013\jars\maven-resolver-transport-wagon-1.9.22.jar
2025-03-29 13:27:43,309 [Worker-7: Launching Executing install in C__Users_kyled_Desktop_SpringBoot-React_employee-service] INFO  o.eclipse.m2e.core.internal.Bundles - 	Entry: C:\Users\kyled\Desktop\sts-4.29.1.RELEASE\plugins\org.eclipse.m2e.maven.runtime_3.9.900.20250220-2013\jars\maven-resolver-util-1.9.22.jar
2025-03-29 13:27:43,309 [Worker-7: Launching Executing install in C__Users_kyled_Desktop_SpringBoot-React_employee-service] INFO  o.eclipse.m2e.core.internal.Bundles - 	Entry: C:\Users\kyled\Desktop\sts-4.29.1.RELEASE\plugins\org.eclipse.m2e.maven.runtime_3.9.900.20250220-2013\jars\maven-settings-3.9.9.jar
2025-03-29 13:27:43,309 [Worker-7: Launching Executing install in C__Users_kyled_Desktop_SpringBoot-React_employee-service] INFO  o.eclipse.m2e.core.internal.Bundles - 	Entry: C:\Users\kyled\Desktop\sts-4.29.1.RELEASE\plugins\org.eclipse.m2e.maven.runtime_3.9.900.20250220-2013\jars\maven-settings-builder-3.9.9.jar
2025-03-29 13:27:43,309 [Worker-7: Launching Executing install in C__Users_kyled_Desktop_SpringBoot-React_employee-service] INFO  o.eclipse.m2e.core.internal.Bundles - 	Entry: C:\Users\kyled\Desktop\sts-4.29.1.RELEASE\plugins\org.eclipse.m2e.maven.runtime_3.9.900.20250220-2013\jars\maven-shared-utils-3.4.2.jar
2025-03-29 13:27:43,309 [Worker-7: Launching Executing install in C__Users_kyled_Desktop_SpringBoot-React_employee-service] INFO  o.eclipse.m2e.core.internal.Bundles - 	Entry: C:\Users\kyled\Desktop\sts-4.29.1.RELEASE\plugins\org.eclipse.m2e.maven.runtime_3.9.900.20250220-2013\jars\org.eclipse.sisu.inject-0.9.0.M3.jar
2025-03-29 13:27:43,310 [Worker-7: Launching Executing install in C__Users_kyled_Desktop_SpringBoot-React_employee-service] INFO  o.eclipse.m2e.core.internal.Bundles - 	Entry: C:\Users\kyled\Desktop\sts-4.29.1.RELEASE\plugins\org.eclipse.m2e.maven.runtime_3.9.900.20250220-2013\jars\org.eclipse.sisu.plexus-0.9.0.M3.jar
2025-03-29 13:27:43,310 [Worker-7: Launching Executing install in C__Users_kyled_Desktop_SpringBoot-React_employee-service] INFO  o.eclipse.m2e.core.internal.Bundles - 	Entry: C:\Users\kyled\Desktop\sts-4.29.1.RELEASE\plugins\org.eclipse.m2e.maven.runtime_3.9.900.20250220-2013\jars\plexus-build-api-0.0.7.jar
2025-03-29 13:27:43,310 [Worker-7: Launching Executing install in C__Users_kyled_Desktop_SpringBoot-React_employee-service] INFO  o.eclipse.m2e.core.internal.Bundles - 	Entry: C:\Users\kyled\Desktop\sts-4.29.1.RELEASE\plugins\org.eclipse.m2e.maven.runtime_3.9.900.20250220-2013\jars\plexus-build-api-1.2.0.jar
2025-03-29 13:27:43,310 [Worker-7: Launching Executing install in C__Users_kyled_Desktop_SpringBoot-React_employee-service] INFO  o.eclipse.m2e.core.internal.Bundles - 	Entry: C:\Users\kyled\Desktop\sts-4.29.1.RELEASE\plugins\org.eclipse.m2e.maven.runtime_3.9.900.20250220-2013\jars\plexus-cipher-2.0.jar
2025-03-29 13:27:43,310 [Worker-7: Launching Executing install in C__Users_kyled_Desktop_SpringBoot-React_employee-service] INFO  o.eclipse.m2e.core.internal.Bundles - 	Entry: C:\Users\kyled\Desktop\sts-4.29.1.RELEASE\plugins\org.eclipse.m2e.maven.runtime_3.9.900.20250220-2013\jars\plexus-classworlds-2.8.0.jar
2025-03-29 13:27:43,310 [Worker-7: Launching Executing install in C__Users_kyled_Desktop_SpringBoot-React_employee-service] INFO  o.eclipse.m2e.core.internal.Bundles - 	Entry: C:\Users\kyled\Desktop\sts-4.29.1.RELEASE\plugins\org.eclipse.m2e.maven.runtime_3.9.900.20250220-2013\jars\plexus-component-annotations-2.1.0.jar
2025-03-29 13:27:43,310 [Worker-7: Launching Executing install in C__Users_kyled_Desktop_SpringBoot-React_employee-service] INFO  o.eclipse.m2e.core.internal.Bundles - 	Entry: C:\Users\kyled\Desktop\sts-4.29.1.RELEASE\plugins\org.eclipse.m2e.maven.runtime_3.9.900.20250220-2013\jars\plexus-interpolation-1.27.jar
2025-03-29 13:27:43,312 [Worker-7: Launching Executing install in C__Users_kyled_Desktop_SpringBoot-React_employee-service] INFO  o.eclipse.m2e.core.internal.Bundles - 	Entry: C:\Users\kyled\Desktop\sts-4.29.1.RELEASE\plugins\org.eclipse.m2e.maven.runtime_3.9.900.20250220-2013\jars\plexus-sec-dispatcher-2.0.jar
2025-03-29 13:27:43,312 [Worker-7: Launching Executing install in C__Users_kyled_Desktop_SpringBoot-React_employee-service] INFO  o.eclipse.m2e.core.internal.Bundles - 	Entry: C:\Users\kyled\Desktop\sts-4.29.1.RELEASE\plugins\org.eclipse.m2e.maven.runtime_3.9.900.20250220-2013\jars\plexus-utils-3.5.1.jar
2025-03-29 13:27:43,312 [Worker-7: Launching Executing install in C__Users_kyled_Desktop_SpringBoot-React_employee-service] INFO  o.eclipse.m2e.core.internal.Bundles - 	Entry: C:\Users\kyled\Desktop\sts-4.29.1.RELEASE\plugins\org.eclipse.m2e.maven.runtime_3.9.900.20250220-2013\jars\plexus-xml-3.0.1.jar
2025-03-29 13:27:43,312 [Worker-7: Launching Executing install in C__Users_kyled_Desktop_SpringBoot-React_employee-service] INFO  o.eclipse.m2e.core.internal.Bundles - 	Entry: C:\Users\kyled\Desktop\sts-4.29.1.RELEASE\plugins\org.eclipse.m2e.maven.runtime_3.9.900.20250220-2013\jars\wagon-file-3.5.3.jar
2025-03-29 13:27:43,312 [Worker-7: Launching Executing install in C__Users_kyled_Desktop_SpringBoot-React_employee-service] INFO  o.eclipse.m2e.core.internal.Bundles - 	Entry: C:\Users\kyled\Desktop\sts-4.29.1.RELEASE\plugins\org.eclipse.m2e.maven.runtime_3.9.900.20250220-2013\jars\wagon-http-3.5.3.jar
2025-03-29 13:27:43,312 [Worker-7: Launching Executing install in C__Users_kyled_Desktop_SpringBoot-React_employee-service] INFO  o.eclipse.m2e.core.internal.Bundles - 	Entry: C:\Users\kyled\Desktop\sts-4.29.1.RELEASE\plugins\org.eclipse.m2e.maven.runtime_3.9.900.20250220-2013\jars\wagon-http-shared-3.5.3.jar
2025-03-29 13:27:43,313 [Worker-7: Launching Executing install in C__Users_kyled_Desktop_SpringBoot-React_employee-service] INFO  o.eclipse.m2e.core.internal.Bundles - 	Entry: C:\Users\kyled\Desktop\sts-4.29.1.RELEASE\plugins\org.eclipse.m2e.maven.runtime_3.9.900.20250220-2013\jars\wagon-provider-api-3.5.3.jar
2025-03-29 13:27:43,315 [Worker-7: Launching Executing install in C__Users_kyled_Desktop_SpringBoot-React_employee-service] INFO  o.eclipse.m2e.core.internal.Bundles - getClasspathEntries(Bundle=com.google.guava_33.4.0.jre [29])
2025-03-29 13:27:43,315 [Worker-7: Launching Executing install in C__Users_kyled_Desktop_SpringBoot-React_employee-service] INFO  o.eclipse.m2e.core.internal.Bundles - 	Entry: C:\Users\kyled\Desktop\sts-4.29.1.RELEASE\plugins\com.google.guava_33.4.0.jre.jar
2025-03-29 13:27:43,315 [Worker-7: Launching Executing install in C__Users_kyled_Desktop_SpringBoot-React_employee-service] INFO  o.eclipse.m2e.core.internal.Bundles - getClasspathEntries(Bundle=slf4j.api_2.0.17 [608])
2025-03-29 13:27:43,315 [Worker-7: Launching Executing install in C__Users_kyled_Desktop_SpringBoot-React_employee-service] INFO  o.eclipse.m2e.core.internal.Bundles - 	Entry: C:\Users\kyled\Desktop\sts-4.29.1.RELEASE\plugins\slf4j.api_2.0.17.jar
2025-03-29 13:27:43,315 [Worker-7: Launching Executing install in C__Users_kyled_Desktop_SpringBoot-React_employee-service] INFO  o.eclipse.m2e.core.internal.Bundles - getClasspathEntries(Bundle=jakarta.inject.jakarta.inject-api_1.0.5 [45])
2025-03-29 13:27:43,316 [Worker-7: Launching Executing install in C__Users_kyled_Desktop_SpringBoot-React_employee-service] INFO  o.eclipse.m2e.core.internal.Bundles - 	Entry: C:\Users\kyled\Desktop\sts-4.29.1.RELEASE\plugins\jakarta.inject.jakarta.inject-api_1.0.5.jar
2025-03-29 13:27:43,316 [Worker-7: Launching Executing install in C__Users_kyled_Desktop_SpringBoot-React_employee-service] INFO  o.eclipse.m2e.core.internal.Bundles - getClasspathEntries(Bundle=jakarta.annotation-api_1.3.5 [41])
2025-03-29 13:27:43,316 [Worker-7: Launching Executing install in C__Users_kyled_Desktop_SpringBoot-React_employee-service] INFO  o.eclipse.m2e.core.internal.Bundles - 	Entry: C:\Users\kyled\Desktop\sts-4.29.1.RELEASE\plugins\jakarta.annotation-api_1.3.5.jar
2025-03-29 13:27:43,316 [Worker-7: Launching Executing install in C__Users_kyled_Desktop_SpringBoot-React_employee-service] INFO  o.eclipse.m2e.core.internal.Bundles - getClasspathEntries(Bundle=org.apache.commons.cli_1.9.0 [77])
2025-03-29 13:27:43,316 [Worker-7: Launching Executing install in C__Users_kyled_Desktop_SpringBoot-React_employee-service] INFO  o.eclipse.m2e.core.internal.Bundles - 	Entry: C:\Users\kyled\Desktop\sts-4.29.1.RELEASE\plugins\org.apache.commons.cli_1.9.0.jar
2025-03-29 13:27:43,316 [Worker-7: Launching Executing install in C__Users_kyled_Desktop_SpringBoot-React_employee-service] INFO  o.eclipse.m2e.core.internal.Bundles - getClasspathEntries(Bundle=org.apache.commons.commons-codec_1.16.0 [79])
2025-03-29 13:27:43,317 [Worker-7: Launching Executing install in C__Users_kyled_Desktop_SpringBoot-React_employee-service] INFO  o.eclipse.m2e.core.internal.Bundles - 	Entry: C:\Users\kyled\Desktop\sts-4.29.1.RELEASE\plugins\org.apache.commons.commons-codec_1.16.0.jar
2025-03-29 13:27:43,317 [Worker-7: Launching Executing install in C__Users_kyled_Desktop_SpringBoot-React_employee-service] INFO  o.eclipse.m2e.core.internal.Bundles - getClasspathEntries(Bundle=com.google.guava.failureaccess_1.0.2 [30])
2025-03-29 13:27:43,317 [Worker-7: Launching Executing install in C__Users_kyled_Desktop_SpringBoot-React_employee-service] INFO  o.eclipse.m2e.core.internal.Bundles - 	Entry: C:\Users\kyled\Desktop\sts-4.29.1.RELEASE\plugins\com.google.guava.failureaccess_1.0.2.jar
2025-03-29 13:27:43,323 [Worker-7: Launching Executing install in C__Users_kyled_Desktop_SpringBoot-React_employee-service] INFO  o.e.m.i.launch.MavenLaunchDelegate - Run build in "C:\Users\kyled\Desktop\SpringBoot-React\employee-service":
2025-03-29 13:27:43,324 [Worker-7: Launching Executing install in C__Users_kyled_Desktop_SpringBoot-React_employee-service] INFO  o.e.m.i.launch.MavenLaunchDelegate -  mvn  -Ppom.xml -B -Dstyle.color=always install
